mode: atomic
github.com/dan-solli/homeapps/microservice/servicemesh/gprc_client.go:20.40,23.16 3 0
github.com/dan-solli/homeapps/microservice/servicemesh/gprc_client.go:23.16,26.3 2 0
github.com/dan-solli/homeapps/microservice/servicemesh/gprc_client.go:27.2,29.18 3 0
github.com/dan-solli/homeapps/microservice/servicemesh/gprc_client.go:32.80,34.16 2 0
github.com/dan-solli/homeapps/microservice/servicemesh/gprc_client.go:34.16,37.3 2 0
github.com/dan-solli/homeapps/microservice/servicemesh/gprc_client.go:39.2,50.16 2 0
github.com/dan-solli/homeapps/microservice/servicemesh/gprc_client.go:50.16,53.3 2 0
github.com/dan-solli/homeapps/microservice/servicemesh/gprc_client.go:54.2,55.15 2 0
github.com/dan-solli/homeapps/microservice/servicemesh/gprc_client.go:58.53,61.68 2 0
github.com/dan-solli/homeapps/microservice/servicemesh/gprc_client.go:61.68,63.3 1 0
github.com/dan-solli/homeapps/microservice/servicemesh/gprc_client.go:64.2,64.17 1 0
github.com/dan-solli/homeapps/microservice/servicemesh/grpc_server.go:17.47,21.16 3 0
github.com/dan-solli/homeapps/microservice/servicemesh/grpc_server.go:21.16,23.3 1 0
github.com/dan-solli/homeapps/microservice/servicemesh/grpc_server.go:25.2,25.11 1 0
github.com/dan-solli/homeapps/microservice/servicemesh/grpc_server.go:25.11,27.17 2 0
github.com/dan-solli/homeapps/microservice/servicemesh/grpc_server.go:27.17,30.4 2 0
github.com/dan-solli/homeapps/microservice/servicemesh/grpc_server.go:31.3,31.48 1 0
github.com/dan-solli/homeapps/microservice/servicemesh/grpc_server.go:32.8,34.3 1 0
github.com/dan-solli/homeapps/microservice/servicemesh/grpc_server.go:36.2,39.37 4 0
github.com/dan-solli/homeapps/microservice/servicemesh/grpc_server.go:39.37,42.3 2 0
github.com/dan-solli/homeapps/microservice/servicemesh/grpc_server.go:43.2,43.12 1 0
github.com/dan-solli/homeapps/microservice/servicemesh/grpc_server.go:46.102,55.16 3 0
github.com/dan-solli/homeapps/microservice/servicemesh/grpc_server.go:55.16,57.3 1 0
github.com/dan-solli/homeapps/microservice/servicemesh/grpc_server.go:58.2,60.51 2 0
github.com/dan-solli/homeapps/microservice/servicemesh/grpc_server.go:60.51,62.3 1 0
github.com/dan-solli/homeapps/microservice/servicemesh/grpc_server.go:64.2,69.16 4 0
github.com/dan-solli/homeapps/microservice/servicemesh/grpc_server.go:69.16,71.3 1 0
github.com/dan-solli/homeapps/microservice/servicemesh/grpc_server.go:72.2,81.8 2 0
github.com/dan-solli/homeapps/microservice/servicemesh/grpc_server.go:84.102,90.2 1 0
github.com/dan-solli/homeapps/microservice/servicemesh/grpc_server.go:92.108,94.2 1 0
github.com/dan-solli/homeapps/microservice/servicemesh/grpc_server.go:96.102,98.2 1 0
github.com/dan-solli/homeapps/microservice/servicemesh/repository.go:12.40,16.16 3 1
github.com/dan-solli/homeapps/microservice/servicemesh/repository.go:16.16,18.3 1 0
github.com/dan-solli/homeapps/microservice/servicemesh/repository.go:19.2,20.12 2 1
github.com/dan-solli/homeapps/microservice/servicemesh/repository.go:23.40,26.16 2 1
github.com/dan-solli/homeapps/microservice/servicemesh/repository.go:26.16,29.3 2 1
github.com/dan-solli/homeapps/microservice/servicemesh/repository.go:30.2,35.18 4 0
github.com/dan-solli/homeapps/microservice/servicemesh/repository.go:35.18,36.80 1 0
github.com/dan-solli/homeapps/microservice/servicemesh/repository.go:36.80,38.4 1 0
github.com/dan-solli/homeapps/microservice/servicemesh/repository.go:39.3,40.12 2 0
github.com/dan-solli/homeapps/microservice/servicemesh/repository.go:42.2,42.21 1 0
github.com/dan-solli/homeapps/microservice/servicemesh/repository.go:45.69,52.16 4 0
github.com/dan-solli/homeapps/microservice/servicemesh/repository.go:52.16,55.3 2 0
github.com/dan-solli/homeapps/microservice/servicemesh/repository.go:56.2,56.32 1 0
github.com/dan-solli/homeapps/microservice/servicemesh/repository.go:59.77,65.2 2 0
github.com/dan-solli/homeapps/microservice/servicemesh/server.go:42.32,44.2 1 0
github.com/dan-solli/homeapps/microservice/servicemesh/server.go:46.13,59.16 8 1
github.com/dan-solli/homeapps/microservice/servicemesh/server.go:59.16,61.3 1 0
github.com/dan-solli/homeapps/microservice/servicemesh/server.go:62.2,65.16 3 1
github.com/dan-solli/homeapps/microservice/servicemesh/server.go:65.16,67.3 1 1
github.com/dan-solli/homeapps/microservice/servicemesh/server.go:68.2,68.53 1 1
github.com/dan-solli/homeapps/microservice/servicemesh/server.go:74.14,75.2 0 0
github.com/dan-solli/homeapps/microservice/servicemesh/server.go:77.37,82.2 4 1
github.com/dan-solli/homeapps/microservice/servicemesh/server.go:84.50,86.16 2 0
github.com/dan-solli/homeapps/microservice/servicemesh/server.go:86.16,88.3 1 0
github.com/dan-solli/homeapps/microservice/servicemesh/server.go:89.2,89.17 1 0
